[
  {
    id: '5f446f2e2cfa3e1d234679b9',
    picture: 'http://placehold.it/32x32',
    age: 23,
    name: { first: 'Kristen', last: 'Woods' },
    company: 'CODACT',
    email: 'kristen.woods@codact.org',
    registered: 'Thursday, May 15, 2014 12:48 AM',
    returned: false
  },
  {
    id: '5f446f2ed3609b719568a415',
    picture: 'http://placehold.it/32x32',
    age: 31,
    name: { first: 'Corinne', last: 'Pearson' },
    company: 'EARTHWAX',
    email: 'corinne.pearson@earthwax.com',
    registered: 'Tuesday, March 24, 2020 10:39 AM',
    returned: true
  },
  {
    id: '5f446f2e1c71888e2233621e',
    picture: 'http://placehold.it/32x32',
    age: 22,
    name: { first: 'Lorene', last: 'Hammond' },
    company: 'ZUVY',
    email: 'lorene.hammond@zuvy.co.uk',
    registered: 'Tuesday, September 29, 2015 11:42 AM',
    returned: true
  },
  {
    id: '5f446f2e6059326d9feb9a68',
    picture: 'http://placehold.it/32x32',
    age: 36,
    name: { first: 'Gayle', last: 'Banks' },
    company: 'MARKETOID',
    email: 'gayle.banks@marketoid.org',
    registered: 'Thursday, August 22, 2019 6:30 AM',
    returned: true
  },
  {
    id: '5f446f2e6059326d9feb9a68',
    picture: 'http://placehold.it/32x32',
    age: 36,
    name: { first: 'Gayle', last: 'Banks' },
    company: 'MARKETOID',
    email: 'gayle.banks@marketoid.org',
    registered: 'Thursday, August 22, 2019 6:30 AM',
    returned: true
  },
  {
    id: '5f446f2ede05a0b1e3394d8b',
    picture: 'http://placehold.it/32x32',
    age: 35,
    name: { first: 'Dorothy', last: 'Fernandez' },
    company: 'MEDICROIX',
    email: 'dorothy.fernandez@medicroix.biz',
    registered: 'Thursday, July 12, 2018 12:40 PM',
    returned: true
  },
  {
    id: '5f446f2e4081699cdc6a2735',
    picture: 'http://placehold.it/32x32',
    age: 20,
    name: { first: 'Padilla', last: 'Gaines' },
    company: 'DREAMIA',
    email: 'padilla.gaines@dreamia.name',
    registered: 'Thursday, November 3, 2016 5:39 PM',
    returned: true
  },
  {
    id: '5f446f2e3900dfec59489477',
    picture: 'http://placehold.it/32x32',
    age: 31,
    name: { first: 'Langley', last: 'Henson' },
    company: 'ZOXY',
    email: 'langley.henson@zoxy.org',
    registered: 'Friday, September 9, 2016 3:48 AM',
    returned: true
  },
  {
    id: '5f446f2ec32d71dabec35b06',
    picture: 'http://placehold.it/32x32',
    age: 35,
    name: { first: 'Lowe', last: 'Shields' },
    company: 'TRIPSCH',
    email: 'lowe.shields@tripsch.biz',
    registered: 'Tuesday, July 18, 2017 9:01 PM',
    returned: true
  },
  {
    id: '5f446f2ef2ab5f5a9f60c4f2',
    picture: 'http://placehold.it/32x32',
    age: 27,
    name: { first: 'Thompson', last: 'Sharp' },
    company: 'RADIANTIX',
    email: 'thompson.sharp@radiantix.name',
    registered: 'Thursday, December 24, 2015 1:12 AM',
    returned: true
  },
  {
    id: '5f446f2e7a1be21e362b82f9',
    picture: 'http://placehold.it/32x32',
    age: 22,
    name: { first: 'Earline', last: 'Gonzales' },
    company: 'ZILCH',
    email: 'earline.gonzales@zilch.biz',
    registered: 'Wednesday, August 5, 2020 9:11 PM',
    returned: true
  }
]
